This file contains any messages produced by compilers while
running configure, to aid debugging if configure makes a mistake.

It was created by ssm configure 1.0.6, which was
generated by GNU Autoconf 2.69.  Invocation command line was

  $ ./configure 

## --------- ##
## Platform. ##
## --------- ##

hostname = ywlan132055.sras.sic.shibaura-it.ac.jp
uname -m = x86_64
uname -r = 17.7.0
uname -s = Darwin
uname -v = Darwin Kernel Version 17.7.0: Thu Jun 21 22:53:14 PDT 2018; root:xnu-4570.71.2~1/RELEASE_X86_64

/usr/bin/uname -p = i386
/bin/uname -X     = unknown

/bin/arch              = unknown
/usr/bin/arch -k       = unknown
/usr/convex/getsysinfo = unknown
/usr/bin/hostinfo      = Mach kernel version:
	 Darwin Kernel Version 17.7.0: Thu Jun 21 22:53:14 PDT 2018; root:xnu-4570.71.2~1/RELEASE_X86_64
Kernel configured for up to 4 processors.
2 processors are physically available.
4 processors are logically available.
Processor type: x86_64h (Intel x86-64h Haswell)
Processors active: 0 1 2 3
Primary memory available: 16.00 gigabytes
Default processor set: 330 tasks, 1494 threads, 4 processors
Load average: 2.50, Mach factor: 1.70
/bin/machine           = unknown
/usr/bin/oslevel       = unknown
/bin/universe          = unknown

PATH: /Users/gunjiryouta/.pyenv/shims
PATH: /Users/gunjiryouta/.pyenv/bin
PATH: /Users/gunjiryouta/.nodebrew/current/bin
PATH: /usr/local/bin
PATH: /usr/bin
PATH: /bin
PATH: /usr/sbin
PATH: /sbin
PATH: /Library/TeX/texbin
PATH: /Library/Tex/texbin/extractbb


## ----------- ##
## Core tests. ##
## ----------- ##

configure:2446: checking for a BSD-compatible install
configure:2514: result: /usr/bin/install -c
configure:2525: checking whether build environment is sane
configure:2580: result: yes
configure:2618: WARNING: 'missing' script is too old or missing
configure:2731: checking for a thread-safe mkdir -p
configure:2770: result: ./install-sh -c -d
configure:2777: checking for gawk
configure:2807: result: no
configure:2777: checking for mawk
configure:2807: result: no
configure:2777: checking for nawk
configure:2807: result: no
configure:2777: checking for awk
configure:2793: found /usr/bin/awk
configure:2804: result: awk
configure:2815: checking whether make sets $(MAKE)
configure:2837: result: yes
configure:2866: checking whether make supports nested variables
configure:2883: result: yes
configure:3064: checking for gcc
configure:3080: found /usr/local/bin/gcc
configure:3091: result: gcc
configure:3320: checking for C compiler version
configure:3329: gcc --version >&5
gcc (Homebrew GCC 5.5.0_2) 5.5.0
Copyright (C) 2015 Free Software Foundation, Inc.
This is free software; see the source for copying conditions.  There is NO
warranty; not even for MERCHANTABILITY or FITNESS FOR A PARTICULAR PURPOSE.

configure:3340: $? = 0
configure:3329: gcc -v >&5
Using built-in specs.
COLLECT_GCC=gcc
COLLECT_LTO_WRAPPER=/usr/local/Cellar/gcc@5/5.5.0_2/libexec/gcc/x86_64-apple-darwin17.3.0/5.5.0/lto-wrapper
Target: x86_64-apple-darwin17.3.0
Configured with: ../configure --build=x86_64-apple-darwin17.3.0 --prefix=/usr/local/Cellar/gcc@5/5.5.0_2 --libdir=/usr/local/Cellar/gcc@5/5.5.0_2/lib/gcc/5 --enable-languages=c,c++,objc,obj-c++,fortran --program-suffix=-5 --with-gmp=/usr/local/opt/gmp --with-mpfr=/usr/local/opt/mpfr --with-mpc=/usr/local/opt/libmpc --with-system-zlib --enable-libstdcxx-time=yes --enable-stage1-checking --enable-checking=release --enable-lto --enable-plugin --disable-werror --with-pkgversion='Homebrew GCC 5.5.0_2' --with-bugurl=https://github.com/Homebrew/homebrew-core/issues --disable-nls --enable-multilib
Thread model: posix
gcc version 5.5.0 (Homebrew GCC 5.5.0_2) 
configure:3340: $? = 0
configure:3329: gcc -V >&5
gcc: error: unrecognized command line option '-V'
gcc: fatal error: no input files
compilation terminated.
configure:3340: $? = 1
configure:3329: gcc -qversion >&5
gcc: error: unrecognized command line option '-qversion'
gcc: fatal error: no input files
compilation terminated.
configure:3340: $? = 1
configure:3360: checking whether the C compiler works
configure:3382: gcc    conftest.c  >&5
configure:3386: $? = 0
configure:3434: result: yes
configure:3437: checking for C compiler default output file name
configure:3439: result: a.out
configure:3445: checking for suffix of executables
configure:3452: gcc -o conftest    conftest.c  >&5
configure:3456: $? = 0
configure:3478: result: 
configure:3500: checking whether we are cross compiling
configure:3508: gcc -o conftest    conftest.c  >&5
configure:3512: $? = 0
configure:3519: ./conftest
configure:3523: $? = 0
configure:3538: result: no
configure:3543: checking for suffix of object files
configure:3565: gcc -c   conftest.c >&5
configure:3569: $? = 0
configure:3590: result: o
configure:3594: checking whether we are using the GNU C compiler
configure:3613: gcc -c   conftest.c >&5
configure:3613: $? = 0
configure:3622: result: yes
configure:3631: checking whether gcc accepts -g
configure:3651: gcc -c -g  conftest.c >&5
configure:3651: $? = 0
configure:3692: result: yes
configure:3709: checking for gcc option to accept ISO C89
configure:3772: gcc  -c -g -O2  conftest.c >&5
configure:3772: $? = 0
configure:3785: result: none needed
configure:3810: checking whether gcc understands -c and -o together
configure:3832: gcc -c conftest.c -o conftest2.o
configure:3835: $? = 0
configure:3832: gcc -c conftest.c -o conftest2.o
configure:3835: $? = 0
configure:3847: result: yes
configure:3867: checking whether make supports the include directive
configure:3882: make -f confmf.GNU && cat confinc.out
this is the am__doit target
configure:3885: $? = 0
configure:3904: result: yes (GNU style)
configure:3929: checking dependency style of gcc
configure:4040: result: gcc3
configure:4113: checking for g++
configure:4129: found /usr/local/bin/g++
configure:4140: result: g++
configure:4167: checking for C++ compiler version
configure:4176: g++ --version >&5
g++ (Homebrew GCC 5.5.0_2) 5.5.0
Copyright (C) 2015 Free Software Foundation, Inc.
This is free software; see the source for copying conditions.  There is NO
warranty; not even for MERCHANTABILITY or FITNESS FOR A PARTICULAR PURPOSE.

configure:4187: $? = 0
configure:4176: g++ -v >&5
Using built-in specs.
COLLECT_GCC=g++
COLLECT_LTO_WRAPPER=/usr/local/Cellar/gcc@5/5.5.0_2/libexec/gcc/x86_64-apple-darwin17.3.0/5.5.0/lto-wrapper
Target: x86_64-apple-darwin17.3.0
Configured with: ../configure --build=x86_64-apple-darwin17.3.0 --prefix=/usr/local/Cellar/gcc@5/5.5.0_2 --libdir=/usr/local/Cellar/gcc@5/5.5.0_2/lib/gcc/5 --enable-languages=c,c++,objc,obj-c++,fortran --program-suffix=-5 --with-gmp=/usr/local/opt/gmp --with-mpfr=/usr/local/opt/mpfr --with-mpc=/usr/local/opt/libmpc --with-system-zlib --enable-libstdcxx-time=yes --enable-stage1-checking --enable-checking=release --enable-lto --enable-plugin --disable-werror --with-pkgversion='Homebrew GCC 5.5.0_2' --with-bugurl=https://github.com/Homebrew/homebrew-core/issues --disable-nls --enable-multilib
Thread model: posix
gcc version 5.5.0 (Homebrew GCC 5.5.0_2) 
configure:4187: $? = 0
configure:4176: g++ -V >&5
g++: error: unrecognized command line option '-V'
g++: fatal error: no input files
compilation terminated.
configure:4187: $? = 1
configure:4176: g++ -qversion >&5
g++: error: unrecognized command line option '-qversion'
g++: fatal error: no input files
compilation terminated.
configure:4187: $? = 1
configure:4191: checking whether we are using the GNU C++ compiler
configure:4210: g++ -c   conftest.cpp >&5
configure:4210: $? = 0
configure:4219: result: yes
configure:4228: checking whether g++ accepts -g
configure:4248: g++ -c -g  conftest.cpp >&5
configure:4248: $? = 0
configure:4289: result: yes
configure:4314: checking dependency style of g++
configure:4425: result: gcc3
configure:4473: checking build system type
configure:4487: result: x86_64-apple-darwin17.7.0
configure:4507: checking host system type
configure:4520: result: x86_64-apple-darwin17.7.0
configure:4561: checking how to print strings
configure:4588: result: printf
configure:4609: checking for a sed that does not truncate output
configure:4673: result: /usr/bin/sed
configure:4691: checking for grep that handles long lines and -e
configure:4749: result: /usr/bin/grep
configure:4754: checking for egrep
configure:4816: result: /usr/bin/grep -E
configure:4821: checking for fgrep
configure:4883: result: /usr/bin/grep -F
configure:4918: checking for ld used by gcc
configure:4985: result: /usr/bin/ld
configure:4992: checking if the linker (/usr/bin/ld) is GNU ld
configure:5007: result: no
configure:5019: checking for BSD- or MS-compatible name lister (nm)
configure:5068: result: /usr/bin/nm -B
configure:5198: checking the name lister (/usr/bin/nm -B) interface
configure:5205: gcc -c -g -O2  conftest.c >&5
configure:5208: /usr/bin/nm -B "conftest.o"
configure:5211: output
0000000000000180 S _some_variable
configure:5218: result: BSD nm
configure:5221: checking whether ln -s works
configure:5225: result: yes
configure:5233: checking the maximum length of command line arguments
configure:5363: result: 196608
configure:5380: checking whether the shell understands some XSI constructs
configure:5390: result: yes
configure:5394: checking whether the shell understands "+="
configure:5400: result: yes
configure:5435: checking how to convert x86_64-apple-darwin17.7.0 file names to x86_64-apple-darwin17.7.0 format
configure:5475: result: func_convert_file_noop
configure:5482: checking how to convert x86_64-apple-darwin17.7.0 file names to toolchain format
configure:5502: result: func_convert_file_noop
configure:5509: checking for /usr/bin/ld option to reload object files
configure:5516: result: -r
configure:5590: checking for objdump
configure:5606: found /usr/bin/objdump
configure:5617: result: objdump
configure:5649: checking how to recognize dependent libraries
configure:5851: result: pass_all
configure:5936: checking for dlltool
configure:5966: result: no
configure:5996: checking how to associate runtime and link libraries
configure:6023: result: printf %s\n
configure:6084: checking for ar
configure:6100: found /usr/bin/ar
configure:6111: result: ar
configure:6148: checking for archiver @FILE support
configure:6165: gcc -c -g -O2  conftest.c >&5
configure:6165: $? = 0
configure:6168: ar cru libconftest.a @conftest.lst >&5
ar: @conftest.lst: No such file or directory
configure:6171: $? = 1
configure:6191: result: no
configure:6249: checking for strip
configure:6265: found /usr/bin/strip
configure:6276: result: strip
configure:6348: checking for ranlib
configure:6364: found /usr/bin/ranlib
configure:6375: result: ranlib
configure:6477: checking command to parse /usr/bin/nm -B output from gcc object
configure:6597: gcc -c -g -O2  conftest.c >&5
configure:6600: $? = 0
configure:6604: /usr/bin/nm -B conftest.o \| sed -n -e 's/^.*[ ]\([BCDEGRST][BCDEGRST]*\)[ ][ ]*\([_A-Za-z][_A-Za-z0-9]*\)$/\1 \2 \2/p' | sed '/ __gnu_lto/d' \> conftest.nm
configure:6607: $? = 0
cannot find nm_test_var in conftest.nm
configure:6597: gcc -c -g -O2  conftest.c >&5
configure:6600: $? = 0
configure:6604: /usr/bin/nm -B conftest.o \| sed -n -e 's/^.*[ ]\([BCDEGRST][BCDEGRST]*\)[ ][ ]*_\([_A-Za-z][_A-Za-z0-9]*\)$/\1 _\2 \2/p' | sed '/ __gnu_lto/d' \> conftest.nm
configure:6607: $? = 0
configure:6673: gcc -o conftest -g -O2   conftest.c conftstm.o >&5
warning: (x86_64)  could not find object file symbol for symbol _main
configure:6676: $? = 0
configure:6714: result: ok
configure:6751: checking for sysroot
configure:6781: result: no
configure:7037: checking for mt
configure:7067: result: no
configure:7087: checking if : is a manifest tool
configure:7093: : '-?'
configure:7101: result: no
configure:7157: checking for dsymutil
configure:7173: found /usr/bin/dsymutil
configure:7184: result: dsymutil
configure:7249: checking for nmedit
configure:7265: found /usr/bin/nmedit
configure:7276: result: nmedit
configure:7341: checking for lipo
configure:7357: found /usr/bin/lipo
configure:7368: result: lipo
configure:7433: checking for otool
configure:7449: found /usr/bin/otool
configure:7460: result: otool
configure:7525: checking for otool64
configure:7555: result: no
configure:7600: checking for -single_module linker flag
gcc -g -O2  -o libconftest.dylib -dynamiclib -Wl,-single_module conftest.c
configure:7633: result: yes
configure:7636: checking for -exported_symbols_list linker flag
configure:7656: gcc -o conftest -g -O2   -Wl,-exported_symbols_list,conftest.sym conftest.c  >&5
configure:7656: $? = 0
configure:7666: result: yes
configure:7669: checking for -force_load linker flag
gcc -g -O2 -c -o conftest.o conftest.c
ar cru libconftest.a conftest.o
ranlib libconftest.a
gcc -g -O2  -o conftest conftest.c -Wl,-force_load,./libconftest.a
configure:7701: result: yes
configure:7743: checking how to run the C preprocessor
configure:7774: gcc -E  conftest.c
configure:7774: $? = 0
configure:7788: gcc -E  conftest.c
conftest.c:11:28: fatal error: ac_nonexistent.h: No such file or directory
compilation terminated.
configure:7788: $? = 1
configure: failed program was:
| /* confdefs.h */
| #define PACKAGE_NAME "ssm"
| #define PACKAGE_TARNAME "ssm"
| #define PACKAGE_VERSION "1.0.6"
| #define PACKAGE_STRING "ssm 1.0.6"
| #define PACKAGE_BUGREPORT "platform@roboken.esys.tsukuba.ac.jp"
| #define PACKAGE_URL ""
| #define PACKAGE "ssm"
| #define VERSION "1.0.6"
| /* end confdefs.h.  */
| #include <ac_nonexistent.h>
configure:7813: result: gcc -E
configure:7833: gcc -E  conftest.c
configure:7833: $? = 0
configure:7847: gcc -E  conftest.c
conftest.c:11:28: fatal error: ac_nonexistent.h: No such file or directory
compilation terminated.
configure:7847: $? = 1
configure: failed program was:
| /* confdefs.h */
| #define PACKAGE_NAME "ssm"
| #define PACKAGE_TARNAME "ssm"
| #define PACKAGE_VERSION "1.0.6"
| #define PACKAGE_STRING "ssm 1.0.6"
| #define PACKAGE_BUGREPORT "platform@roboken.esys.tsukuba.ac.jp"
| #define PACKAGE_URL ""
| #define PACKAGE "ssm"
| #define VERSION "1.0.6"
| /* end confdefs.h.  */
| #include <ac_nonexistent.h>
configure:7876: checking for ANSI C header files
configure:7896: gcc -c -g -O2  conftest.c >&5
configure:7896: $? = 0
configure:7969: gcc -o conftest -g -O2   conftest.c  >&5
configure:7969: $? = 0
configure:7969: ./conftest
configure:7969: $? = 0
configure:7980: result: yes
configure:7993: checking for sys/types.h
configure:7993: gcc -c -g -O2  conftest.c >&5
configure:7993: $? = 0
configure:7993: result: yes
configure:7993: checking for sys/stat.h
configure:7993: gcc -c -g -O2  conftest.c >&5
configure:7993: $? = 0
configure:7993: result: yes
configure:7993: checking for stdlib.h
configure:7993: gcc -c -g -O2  conftest.c >&5
configure:7993: $? = 0
configure:7993: result: yes
configure:7993: checking for string.h
configure:7993: gcc -c -g -O2  conftest.c >&5
configure:7993: $? = 0
configure:7993: result: yes
configure:7993: checking for memory.h
configure:7993: gcc -c -g -O2  conftest.c >&5
configure:7993: $? = 0
configure:7993: result: yes
configure:7993: checking for strings.h
configure:7993: gcc -c -g -O2  conftest.c >&5
configure:7993: $? = 0
configure:7993: result: yes
configure:7993: checking for inttypes.h
configure:7993: gcc -c -g -O2  conftest.c >&5
configure:7993: $? = 0
configure:7993: result: yes
configure:7993: checking for stdint.h
configure:7993: gcc -c -g -O2  conftest.c >&5
configure:7993: $? = 0
configure:7993: result: yes
configure:7993: checking for unistd.h
configure:7993: gcc -c -g -O2  conftest.c >&5
configure:7993: $? = 0
configure:7993: result: yes
configure:8007: checking for dlfcn.h
configure:8007: gcc -c -g -O2  conftest.c >&5
configure:8007: $? = 0
configure:8007: result: yes
configure:8224: checking for objdir
configure:8239: result: .libs
configure:8510: checking if gcc supports -fno-rtti -fno-exceptions
configure:8528: gcc -c -g -O2  -fno-rtti -fno-exceptions conftest.c >&5
cc1: warning: command line option '-fno-rtti' is valid for C++/ObjC++ but not for C
configure:8532: $? = 0
configure:8545: result: no
configure:8872: checking for gcc option to produce PIC
configure:8879: result: -fno-common -DPIC
configure:8887: checking if gcc PIC flag -fno-common -DPIC works
configure:8905: gcc -c -g -O2  -fno-common -DPIC -DPIC conftest.c >&5
configure:8909: $? = 0
configure:8922: result: yes
configure:8951: checking if gcc static flag -static works
configure:8979: result: no
configure:8994: checking if gcc supports -c -o file.o
configure:9015: gcc -c -g -O2  -o out/conftest2.o conftest.c >&5
configure:9019: $? = 0
configure:9041: result: yes
configure:9049: checking if gcc supports -c -o file.o
configure:9096: result: yes
configure:9129: checking whether the gcc linker (/usr/bin/ld) supports shared libraries
configure:10282: result: yes
configure:10522: checking dynamic linker characteristics
configure:11255: result: darwin17.7.0 dyld
configure:11362: checking how to hardcode library paths into programs
configure:11387: result: immediate
configure:11927: checking whether stripping libraries is possible
configure:11941: result: yes
configure:11967: checking if libtool supports shared libraries
configure:11969: result: yes
configure:11972: checking whether to build shared libraries
configure:11993: result: yes
configure:11996: checking whether to build static libraries
configure:12000: result: yes
configure:12023: checking how to run the C++ preprocessor
configure:12050: g++ -E  conftest.cpp
configure:12050: $? = 0
configure:12064: g++ -E  conftest.cpp
conftest.cpp:23:28: fatal error: ac_nonexistent.h: No such file or directory
compilation terminated.
configure:12064: $? = 1
configure: failed program was:
| /* confdefs.h */
| #define PACKAGE_NAME "ssm"
| #define PACKAGE_TARNAME "ssm"
| #define PACKAGE_VERSION "1.0.6"
| #define PACKAGE_STRING "ssm 1.0.6"
| #define PACKAGE_BUGREPORT "platform@roboken.esys.tsukuba.ac.jp"
| #define PACKAGE_URL ""
| #define PACKAGE "ssm"
| #define VERSION "1.0.6"
| #define STDC_HEADERS 1
| #define HAVE_SYS_TYPES_H 1
| #define HAVE_SYS_STAT_H 1
| #define HAVE_STDLIB_H 1
| #define HAVE_STRING_H 1
| #define HAVE_MEMORY_H 1
| #define HAVE_STRINGS_H 1
| #define HAVE_INTTYPES_H 1
| #define HAVE_STDINT_H 1
| #define HAVE_UNISTD_H 1
| #define HAVE_DLFCN_H 1
| #define LT_OBJDIR ".libs/"
| /* end confdefs.h.  */
| #include <ac_nonexistent.h>
configure:12089: result: g++ -E
configure:12109: g++ -E  conftest.cpp
configure:12109: $? = 0
configure:12123: g++ -E  conftest.cpp
conftest.cpp:23:28: fatal error: ac_nonexistent.h: No such file or directory
compilation terminated.
configure:12123: $? = 1
configure: failed program was:
| /* confdefs.h */
| #define PACKAGE_NAME "ssm"
| #define PACKAGE_TARNAME "ssm"
| #define PACKAGE_VERSION "1.0.6"
| #define PACKAGE_STRING "ssm 1.0.6"
| #define PACKAGE_BUGREPORT "platform@roboken.esys.tsukuba.ac.jp"
| #define PACKAGE_URL ""
| #define PACKAGE "ssm"
| #define VERSION "1.0.6"
| #define STDC_HEADERS 1
| #define HAVE_SYS_TYPES_H 1
| #define HAVE_SYS_STAT_H 1
| #define HAVE_STDLIB_H 1
| #define HAVE_STRING_H 1
| #define HAVE_MEMORY_H 1
| #define HAVE_STRINGS_H 1
| #define HAVE_INTTYPES_H 1
| #define HAVE_STDINT_H 1
| #define HAVE_UNISTD_H 1
| #define HAVE_DLFCN_H 1
| #define LT_OBJDIR ".libs/"
| /* end confdefs.h.  */
| #include <ac_nonexistent.h>
configure:12292: checking for ld used by g++
configure:12359: result: /usr/bin/ld
configure:12366: checking if the linker (/usr/bin/ld) is GNU ld
configure:12381: result: no
configure:12436: checking whether the g++ linker (/usr/bin/ld) supports shared libraries
configure:13441: result: yes
configure:13477: g++ -c -g -O2  conftest.cpp >&5
configure:13480: $? = 0
configure:14000: checking for g++ option to produce PIC
configure:14007: result: -fno-common -DPIC
configure:14015: checking if g++ PIC flag -fno-common -DPIC works
configure:14033: g++ -c -g -O2  -fno-common -DPIC -DPIC conftest.cpp >&5
configure:14037: $? = 0
configure:14050: result: yes
configure:14073: checking if g++ static flag -static works
configure:14101: result: no
configure:14113: checking if g++ supports -c -o file.o
configure:14134: g++ -c -g -O2  -o out/conftest2.o conftest.cpp >&5
configure:14138: $? = 0
configure:14160: result: yes
configure:14165: checking if g++ supports -c -o file.o
configure:14212: result: yes
configure:14242: checking whether the g++ linker (/usr/bin/ld) supports shared libraries
configure:14278: result: yes
configure:14419: checking dynamic linker characteristics
configure:15086: result: darwin17.7.0 dyld
configure:15139: checking how to hardcode library paths into programs
configure:15164: result: immediate
configure:15227: checking for ANSI C header files
configure:15331: result: yes
configure:15342: checking for sys/types.h
configure:15342: result: yes
configure:15342: checking sys/ipc.h usability
configure:15342: gcc -c -g -O2  conftest.c >&5
configure:15342: $? = 0
configure:15342: result: yes
configure:15342: checking sys/ipc.h presence
configure:15342: gcc -E  conftest.c
configure:15342: $? = 0
configure:15342: result: yes
configure:15342: checking for sys/ipc.h
configure:15342: result: yes
configure:15342: checking sys/shm.h usability
configure:15342: gcc -c -g -O2  conftest.c >&5
configure:15342: $? = 0
configure:15342: result: yes
configure:15342: checking sys/shm.h presence
configure:15342: gcc -E  conftest.c
configure:15342: $? = 0
configure:15342: result: yes
configure:15342: checking for sys/shm.h
configure:15342: result: yes
configure:15342: checking sys/msg.h usability
configure:15342: gcc -c -g -O2  conftest.c >&5
configure:15342: $? = 0
configure:15342: result: yes
configure:15342: checking sys/msg.h presence
configure:15342: gcc -E  conftest.c
configure:15342: $? = 0
configure:15342: result: yes
configure:15342: checking for sys/msg.h
configure:15342: result: yes
configure:15342: checking for unistd.h
configure:15342: result: yes
configure:15354: checking for pid_t
configure:15354: gcc -c -g -O2  conftest.c >&5
configure:15354: $? = 0
configure:15354: gcc -c -g -O2  conftest.c >&5
conftest.c: In function 'main':
conftest.c:65:20: error: expected expression before ')' token
 if (sizeof ((pid_t)))
                    ^
configure:15354: $? = 1
configure: failed program was:
| /* confdefs.h */
| #define PACKAGE_NAME "ssm"
| #define PACKAGE_TARNAME "ssm"
| #define PACKAGE_VERSION "1.0.6"
| #define PACKAGE_STRING "ssm 1.0.6"
| #define PACKAGE_BUGREPORT "platform@roboken.esys.tsukuba.ac.jp"
| #define PACKAGE_URL ""
| #define PACKAGE "ssm"
| #define VERSION "1.0.6"
| #define STDC_HEADERS 1
| #define HAVE_SYS_TYPES_H 1
| #define HAVE_SYS_STAT_H 1
| #define HAVE_STDLIB_H 1
| #define HAVE_STRING_H 1
| #define HAVE_MEMORY_H 1
| #define HAVE_STRINGS_H 1
| #define HAVE_INTTYPES_H 1
| #define HAVE_STDINT_H 1
| #define HAVE_UNISTD_H 1
| #define HAVE_DLFCN_H 1
| #define LT_OBJDIR ".libs/"
| #define STDC_HEADERS 1
| #define HAVE_SYS_TYPES_H 1
| #define HAVE_SYS_IPC_H 1
| #define HAVE_SYS_SHM_H 1
| #define HAVE_SYS_MSG_H 1
| #define HAVE_UNISTD_H 1
| /* end confdefs.h.  */
| #include <stdio.h>
| #ifdef HAVE_SYS_TYPES_H
| # include <sys/types.h>
| #endif
| #ifdef HAVE_SYS_STAT_H
| # include <sys/stat.h>
| #endif
| #ifdef STDC_HEADERS
| # include <stdlib.h>
| # include <stddef.h>
| #else
| # ifdef HAVE_STDLIB_H
| #  include <stdlib.h>
| # endif
| #endif
| #ifdef HAVE_STRING_H
| # if !defined STDC_HEADERS && defined HAVE_MEMORY_H
| #  include <memory.h>
| # endif
| # include <string.h>
| #endif
| #ifdef HAVE_STRINGS_H
| # include <strings.h>
| #endif
| #ifdef HAVE_INTTYPES_H
| # include <inttypes.h>
| #endif
| #ifdef HAVE_STDINT_H
| # include <stdint.h>
| #endif
| #ifdef HAVE_UNISTD_H
| # include <unistd.h>
| #endif
| int
| main ()
| {
| if (sizeof ((pid_t)))
| 	    return 0;
|   ;
|   return 0;
| }
configure:15354: result: yes
configure:15365: checking for size_t
configure:15365: gcc -c -g -O2  conftest.c >&5
configure:15365: $? = 0
configure:15365: gcc -c -g -O2  conftest.c >&5
conftest.c: In function 'main':
conftest.c:65:21: error: expected expression before ')' token
 if (sizeof ((size_t)))
                     ^
configure:15365: $? = 1
configure: failed program was:
| /* confdefs.h */
| #define PACKAGE_NAME "ssm"
| #define PACKAGE_TARNAME "ssm"
| #define PACKAGE_VERSION "1.0.6"
| #define PACKAGE_STRING "ssm 1.0.6"
| #define PACKAGE_BUGREPORT "platform@roboken.esys.tsukuba.ac.jp"
| #define PACKAGE_URL ""
| #define PACKAGE "ssm"
| #define VERSION "1.0.6"
| #define STDC_HEADERS 1
| #define HAVE_SYS_TYPES_H 1
| #define HAVE_SYS_STAT_H 1
| #define HAVE_STDLIB_H 1
| #define HAVE_STRING_H 1
| #define HAVE_MEMORY_H 1
| #define HAVE_STRINGS_H 1
| #define HAVE_INTTYPES_H 1
| #define HAVE_STDINT_H 1
| #define HAVE_UNISTD_H 1
| #define HAVE_DLFCN_H 1
| #define LT_OBJDIR ".libs/"
| #define STDC_HEADERS 1
| #define HAVE_SYS_TYPES_H 1
| #define HAVE_SYS_IPC_H 1
| #define HAVE_SYS_SHM_H 1
| #define HAVE_SYS_MSG_H 1
| #define HAVE_UNISTD_H 1
| /* end confdefs.h.  */
| #include <stdio.h>
| #ifdef HAVE_SYS_TYPES_H
| # include <sys/types.h>
| #endif
| #ifdef HAVE_SYS_STAT_H
| # include <sys/stat.h>
| #endif
| #ifdef STDC_HEADERS
| # include <stdlib.h>
| # include <stddef.h>
| #else
| # ifdef HAVE_STDLIB_H
| #  include <stdlib.h>
| # endif
| #endif
| #ifdef HAVE_STRING_H
| # if !defined STDC_HEADERS && defined HAVE_MEMORY_H
| #  include <memory.h>
| # endif
| # include <string.h>
| #endif
| #ifdef HAVE_STRINGS_H
| # include <strings.h>
| #endif
| #ifdef HAVE_INTTYPES_H
| # include <inttypes.h>
| #endif
| #ifdef HAVE_STDINT_H
| # include <stdint.h>
| #endif
| #ifdef HAVE_UNISTD_H
| # include <unistd.h>
| #endif
| int
| main ()
| {
| if (sizeof ((size_t)))
| 	    return 0;
|   ;
|   return 0;
| }
configure:15365: result: yes
configure:15376: checking whether time.h and sys/time.h may both be included
configure:15396: gcc -c -g -O2  conftest.c >&5
configure:15396: $? = 0
configure:15403: result: yes
configure:15415: checking for stdlib.h
configure:15415: result: yes
configure:15425: checking for GNU libc compatible malloc
configure:15449: gcc -o conftest -g -O2   conftest.c  >&5
configure:15449: $? = 0
configure:15449: ./conftest
configure:15449: $? = 0
configure:15459: result: yes
configure:15480: checking for working strtod
configure:15521: gcc -o conftest -g -O2   conftest.c  >&5
configure:15521: $? = 0
configure:15521: ./conftest
configure:15521: $? = 0
configure:15531: result: yes
configure:15595: checking for clock_gettime  in -lrt
configure:15620: gcc -o conftest -g -O2   conftest.c -lrt   >&5
ld: library not found for -lrt
collect2: error: ld returned 1 exit status
configure:15620: $? = 1
configure: failed program was:
| /* confdefs.h */
| #define PACKAGE_NAME "ssm"
| #define PACKAGE_TARNAME "ssm"
| #define PACKAGE_VERSION "1.0.6"
| #define PACKAGE_STRING "ssm 1.0.6"
| #define PACKAGE_BUGREPORT "platform@roboken.esys.tsukuba.ac.jp"
| #define PACKAGE_URL ""
| #define PACKAGE "ssm"
| #define VERSION "1.0.6"
| #define STDC_HEADERS 1
| #define HAVE_SYS_TYPES_H 1
| #define HAVE_SYS_STAT_H 1
| #define HAVE_STDLIB_H 1
| #define HAVE_STRING_H 1
| #define HAVE_MEMORY_H 1
| #define HAVE_STRINGS_H 1
| #define HAVE_INTTYPES_H 1
| #define HAVE_STDINT_H 1
| #define HAVE_UNISTD_H 1
| #define HAVE_DLFCN_H 1
| #define LT_OBJDIR ".libs/"
| #define STDC_HEADERS 1
| #define HAVE_SYS_TYPES_H 1
| #define HAVE_SYS_IPC_H 1
| #define HAVE_SYS_SHM_H 1
| #define HAVE_SYS_MSG_H 1
| #define HAVE_UNISTD_H 1
| #define TIME_WITH_SYS_TIME 1
| #define HAVE_STDLIB_H 1
| #define HAVE_MALLOC 1
| /* end confdefs.h.  */
| 
| /* Override any GCC internal prototype to avoid an error.
|    Use char because int might match the return type of a GCC
|    builtin and then its argument prototype would still apply.  */
| #ifdef __cplusplus
| extern "C"
| #endif
| char clock_gettime  ();
| int
| main ()
| {
| return clock_gettime  ();
|   ;
|   return 0;
| }
configure:15629: result: no
configure:15670: checking for ldconfig
configure:15701: result: true
configure:15844: checking that generated files are newer than configure
configure:15850: result: done
configure:15877: creating ./config.status

## ---------------------- ##
## Running config.status. ##
## ---------------------- ##

This file was extended by ssm config.status 1.0.6, which was
generated by GNU Autoconf 2.69.  Invocation command line was

  CONFIG_FILES    = 
  CONFIG_HEADERS  = 
  CONFIG_LINKS    = 
  CONFIG_COMMANDS = 
  $ ./config.status 

on ywlan132055.sras.sic.shibaura-it.ac.jp

config.status:1158: creating Makefile
config.status:1158: creating include/Makefile
config.status:1158: creating src/Makefile
config.status:1158: creating utilities/Makefile
config.status:1158: creating samples/Makefile
config.status:1158: creating samples/C_Sample/Makefile
config.status:1158: creating samples/Cpp_Sample/Makefile
config.status:1158: creating include/config.h
config.status:1339: include/config.h is unchanged
config.status:1387: executing depfiles commands
config.status:1464: cd src       && sed -e '/# am--include-marker/d' Makefile         | make -f - am--depfiles
make: Nothing to be done for `am--depfiles'.
config.status:1469: $? = 0
config.status:1464: cd utilities       && sed -e '/# am--include-marker/d' Makefile         | make -f - am--depfiles
make: Nothing to be done for `am--depfiles'.
config.status:1469: $? = 0
config.status:1464: cd samples/C_Sample       && sed -e '/# am--include-marker/d' Makefile         | make -f - am--depfiles
make: Nothing to be done for `am--depfiles'.
config.status:1469: $? = 0
config.status:1464: cd samples/Cpp_Sample       && sed -e '/# am--include-marker/d' Makefile         | make -f - am--depfiles
make: Nothing to be done for `am--depfiles'.
config.status:1469: $? = 0
config.status:1387: executing libtool commands

## ---------------- ##
## Cache variables. ##
## ---------------- ##

ac_cv_build=x86_64-apple-darwin17.7.0
ac_cv_c_compiler_gnu=yes
ac_cv_cxx_compiler_gnu=yes
ac_cv_env_CCC_set=
ac_cv_env_CCC_value=
ac_cv_env_CC_set=
ac_cv_env_CC_value=
ac_cv_env_CFLAGS_set=
ac_cv_env_CFLAGS_value=
ac_cv_env_CPPFLAGS_set=
ac_cv_env_CPPFLAGS_value=
ac_cv_env_CPP_set=
ac_cv_env_CPP_value=
ac_cv_env_CXXCPP_set=
ac_cv_env_CXXCPP_value=
ac_cv_env_CXXFLAGS_set=
ac_cv_env_CXXFLAGS_value=
ac_cv_env_CXX_set=
ac_cv_env_CXX_value=
ac_cv_env_LDFLAGS_set=
ac_cv_env_LDFLAGS_value=
ac_cv_env_LIBS_set=
ac_cv_env_LIBS_value=
ac_cv_env_build_alias_set=
ac_cv_env_build_alias_value=
ac_cv_env_host_alias_set=
ac_cv_env_host_alias_value=
ac_cv_env_target_alias_set=
ac_cv_env_target_alias_value=
ac_cv_func_malloc_0_nonnull=yes
ac_cv_func_strtod=yes
ac_cv_header_dlfcn_h=yes
ac_cv_header_inttypes_h=yes
ac_cv_header_memory_h=yes
ac_cv_header_stdc=yes
ac_cv_header_stdint_h=yes
ac_cv_header_stdlib_h=yes
ac_cv_header_string_h=yes
ac_cv_header_strings_h=yes
ac_cv_header_sys_ipc_h=yes
ac_cv_header_sys_msg_h=yes
ac_cv_header_sys_shm_h=yes
ac_cv_header_sys_stat_h=yes
ac_cv_header_sys_types_h=yes
ac_cv_header_time=yes
ac_cv_header_unistd_h=yes
ac_cv_host=x86_64-apple-darwin17.7.0
ac_cv_lib_rt_clock_gettime_=no
ac_cv_objext=o
ac_cv_path_EGREP='/usr/bin/grep -E'
ac_cv_path_FGREP='/usr/bin/grep -F'
ac_cv_path_GREP=/usr/bin/grep
ac_cv_path_LDCONFIG=true
ac_cv_path_SED=/usr/bin/sed
ac_cv_path_install='/usr/bin/install -c'
ac_cv_prog_AWK=awk
ac_cv_prog_CPP='gcc -E'
ac_cv_prog_CXXCPP='g++ -E'
ac_cv_prog_ac_ct_AR=ar
ac_cv_prog_ac_ct_CC=gcc
ac_cv_prog_ac_ct_CXX=g++
ac_cv_prog_ac_ct_DSYMUTIL=dsymutil
ac_cv_prog_ac_ct_LIPO=lipo
ac_cv_prog_ac_ct_NMEDIT=nmedit
ac_cv_prog_ac_ct_OBJDUMP=objdump
ac_cv_prog_ac_ct_OTOOL=otool
ac_cv_prog_ac_ct_RANLIB=ranlib
ac_cv_prog_ac_ct_STRIP=strip
ac_cv_prog_cc_c89=
ac_cv_prog_cc_g=yes
ac_cv_prog_cxx_g=yes
ac_cv_prog_make_make_set=yes
ac_cv_type_pid_t=yes
ac_cv_type_size_t=yes
am_cv_CC_dependencies_compiler_type=gcc3
am_cv_CXX_dependencies_compiler_type=gcc3
am_cv_make_support_nested_variables=yes
am_cv_prog_cc_c_o=yes
lt_cv_apple_cc_single_mod=yes
lt_cv_ar_at_file=no
lt_cv_deplibs_check_method=pass_all
lt_cv_file_magic_cmd='$MAGIC_CMD'
lt_cv_file_magic_test_file=
lt_cv_ld_exported_symbols_list=yes
lt_cv_ld_force_load=yes
lt_cv_ld_reload_flag=-r
lt_cv_nm_interface='BSD nm'
lt_cv_objdir=.libs
lt_cv_path_LD=/usr/bin/ld
lt_cv_path_LDCXX=/usr/bin/ld
lt_cv_path_NM='/usr/bin/nm -B'
lt_cv_path_mainfest_tool=no
lt_cv_prog_compiler_c_o=yes
lt_cv_prog_compiler_c_o_CXX=yes
lt_cv_prog_compiler_pic='-fno-common -DPIC'
lt_cv_prog_compiler_pic_CXX='-fno-common -DPIC'
lt_cv_prog_compiler_pic_works=yes
lt_cv_prog_compiler_pic_works_CXX=yes
lt_cv_prog_compiler_rtti_exceptions=no
lt_cv_prog_compiler_static_works=no
lt_cv_prog_compiler_static_works_CXX=no
lt_cv_prog_gnu_ld=no
lt_cv_prog_gnu_ldcxx=no
lt_cv_sharedlib_from_linklib_cmd='printf %s\n'
lt_cv_sys_global_symbol_pipe='sed -n -e '\''s/^.*[	 ]\([BCDEGRST][BCDEGRST]*\)[	 ][	 ]*_\([_A-Za-z][_A-Za-z0-9]*\)$/\1 _\2 \2/p'\'' | sed '\''/ __gnu_lto/d'\'''
lt_cv_sys_global_symbol_to_c_name_address='sed -n -e '\''s/^: \([^ ]*\)[ ]*$/  {\"\1\", (void *) 0},/p'\'' -e '\''s/^[BCDEGRST]* \([^ ]*\) \([^ ]*\)$/  {"\2", (void *) \&\2},/p'\'''
lt_cv_sys_global_symbol_to_c_name_address_lib_prefix='sed -n -e '\''s/^: \([^ ]*\)[ ]*$/  {\"\1\", (void *) 0},/p'\'' -e '\''s/^[BCDEGRST]* \([^ ]*\) \(lib[^ ]*\)$/  {"\2", (void *) \&\2},/p'\'' -e '\''s/^[BCDEGRST]* \([^ ]*\) \([^ ]*\)$/  {"lib\2", (void *) \&\2},/p'\'''
lt_cv_sys_global_symbol_to_cdecl='sed -n -e '\''s/^T .* \(.*\)$/extern int \1();/p'\'' -e '\''s/^[BCDEGRST]* .* \(.*\)$/extern char \1;/p'\'''
lt_cv_sys_max_cmd_len=196608
lt_cv_to_host_file_cmd=func_convert_file_noop
lt_cv_to_tool_file_cmd=func_convert_file_noop

## ----------------- ##
## Output variables. ##
## ----------------- ##

ACLOCAL='aclocal-1.16'
AMDEPBACKSLASH='\'
AMDEP_FALSE='#'
AMDEP_TRUE=''
AMTAR='$${TAR-tar}'
AM_BACKSLASH='\'
AM_DEFAULT_V='$(AM_DEFAULT_VERBOSITY)'
AM_DEFAULT_VERBOSITY='1'
AM_V='$(V)'
AR='ar'
AUTOCONF='autoconf'
AUTOHEADER='autoheader'
AUTOMAKE='automake-1.16'
AWK='awk'
CC='gcc'
CCDEPMODE='depmode=gcc3'
CFLAGS=' -m64 -Wall -O2'
CPP='gcc -E'
CPPFLAGS=''
CXX='g++'
CXXCPP='g++ -E'
CXXDEPMODE='depmode=gcc3'
CXXFLAGS=' -m64 -Wall -O2'
CYGPATH_W='echo'
DEFS='-DHAVE_CONFIG_H'
DEPDIR='.deps'
DLLTOOL='false'
DSYMUTIL='dsymutil'
DUMPBIN=''
ECHO_C='\c'
ECHO_N=''
ECHO_T=''
EGREP='/usr/bin/grep -E'
EXEEXT=''
FGREP='/usr/bin/grep -F'
GREP='/usr/bin/grep'
INSTALL_DATA='${INSTALL} -m 644'
INSTALL_PROGRAM='${INSTALL}'
INSTALL_SCRIPT='${INSTALL}'
INSTALL_STRIP_PROGRAM='$(install_sh) -c -s'
LD='/usr/bin/ld'
LDCONFIG='true'
LDFLAGS=''
LD_LIBRT=''
LIBOBJS=''
LIBS=''
LIBTOOL='$(SHELL) $(top_builddir)/libtool'
LIPO='lipo'
LN_S='ln -s'
LTLIBOBJS=''
MAKEINFO='makeinfo'
MANIFEST_TOOL=':'
MKDIR_P='./install-sh -c -d'
NM='/usr/bin/nm -B'
NMEDIT='nmedit'
OBJDUMP='objdump'
OBJEXT='o'
OTOOL64=':'
OTOOL='otool'
PACKAGE='ssm'
PACKAGE_BUGREPORT='platform@roboken.esys.tsukuba.ac.jp'
PACKAGE_NAME='ssm'
PACKAGE_STRING='ssm 1.0.6'
PACKAGE_TARNAME='ssm'
PACKAGE_URL=''
PACKAGE_VERSION='1.0.6'
PATH_SEPARATOR=':'
POW_LIB=''
RANLIB='ranlib'
SED='/usr/bin/sed'
SET_MAKE=''
SHELL='/bin/sh'
STRIP='strip'
VERSION='1.0.6'
ac_ct_AR='ar'
ac_ct_CC='gcc'
ac_ct_CXX='g++'
ac_ct_DUMPBIN=''
am__EXEEXT_FALSE=''
am__EXEEXT_TRUE='#'
am__fastdepCC_FALSE='#'
am__fastdepCC_TRUE=''
am__fastdepCXX_FALSE='#'
am__fastdepCXX_TRUE=''
am__include='include'
am__isrc=''
am__leading_dot='.'
am__nodep='_no'
am__quote=''
am__tar='$${TAR-tar} chof - "$$tardir"'
am__untar='$${TAR-tar} xf -'
bindir='${exec_prefix}/bin'
build='x86_64-apple-darwin17.7.0'
build_alias=''
build_cpu='x86_64'
build_os='darwin17.7.0'
build_vendor='apple'
datadir='${datarootdir}'
datarootdir='${prefix}/share'
docdir='${datarootdir}/doc/${PACKAGE_TARNAME}'
dvidir='${docdir}'
exec_prefix='${prefix}'
host='x86_64-apple-darwin17.7.0'
host_alias=''
host_cpu='x86_64'
host_os='darwin17.7.0'
host_vendor='apple'
htmldir='${docdir}'
includedir='${prefix}/include'
infodir='${datarootdir}/info'
install_sh='${SHELL} /Users/gunjiryouta/nssm/nssm/install-sh'
libdir='/usr/local/lib64'
libexecdir='${exec_prefix}/libexec'
localedir='${datarootdir}/locale'
localstatedir='${prefix}/var'
mandir='${datarootdir}/man'
mkdir_p='$(MKDIR_P)'
oldincludedir='/usr/include'
pdfdir='${docdir}'
prefix='/usr/local'
program_transform_name='s,x,x,'
psdir='${docdir}'
sbindir='${exec_prefix}/sbin'
sharedstatedir='${prefix}/com'
sysconfdir='${prefix}/etc'
target_alias=''

## ----------- ##
## confdefs.h. ##
## ----------- ##

/* confdefs.h */
#define PACKAGE_NAME "ssm"
#define PACKAGE_TARNAME "ssm"
#define PACKAGE_VERSION "1.0.6"
#define PACKAGE_STRING "ssm 1.0.6"
#define PACKAGE_BUGREPORT "platform@roboken.esys.tsukuba.ac.jp"
#define PACKAGE_URL ""
#define PACKAGE "ssm"
#define VERSION "1.0.6"
#define STDC_HEADERS 1
#define HAVE_SYS_TYPES_H 1
#define HAVE_SYS_STAT_H 1
#define HAVE_STDLIB_H 1
#define HAVE_STRING_H 1
#define HAVE_MEMORY_H 1
#define HAVE_STRINGS_H 1
#define HAVE_INTTYPES_H 1
#define HAVE_STDINT_H 1
#define HAVE_UNISTD_H 1
#define HAVE_DLFCN_H 1
#define LT_OBJDIR ".libs/"
#define STDC_HEADERS 1
#define HAVE_SYS_TYPES_H 1
#define HAVE_SYS_IPC_H 1
#define HAVE_SYS_SHM_H 1
#define HAVE_SYS_MSG_H 1
#define HAVE_UNISTD_H 1
#define TIME_WITH_SYS_TIME 1
#define HAVE_STDLIB_H 1
#define HAVE_MALLOC 1

configure: exit 0
